Kernel: Darwin, Number of Threads = 1
C = (Intercept)
C = LWIDraw
C = Age
C = Task_2
C = Condition_2
C = Condition_3
C = Task_2:Condition_2
C = Task_2:Condition_3
1.000000 63.000000 7.936986 0.000000 0.000000 0.000000 0.000000 0.000000 
1.000000 63.000000 7.936986 0.000000 1.000000 0.000000 0.000000 0.000000 
1.000000 63.000000 7.936986 0.000000 0.000000 1.000000 0.000000 0.000000 

1.000000 63.000000 7.936986 1.000000 0.000000 0.000000 0.000000 0.000000 
1.000000 63.000000 7.936986 1.000000 1.000000 0.000000 1.000000 0.000000 
1.000000 63.000000 7.936986 1.000000 0.000000 1.000000 0.000000 1.000000 

1.000000 13.000000 5.101370 0.000000 0.000000 0.000000 0.000000 0.000000 
1.000000 13.000000 5.101370 0.000000 1.000000 0.000000 0.000000 0.000000 
1.000000 13.000000 5.101370 0.000000 0.000000 1.000000 0.000000 0.000000 

1.000000 13.000000 5.101370 1.000000 0.000000 0.000000 0.000000 0.000000 
1.000000 13.000000 5.101370 1.000000 1.000000 0.000000 1.000000 0.000000 
1.000000 13.000000 5.101370 1.000000 0.000000 1.000000 0.000000 1.000000 

1.000000 72.000000 10.742466 0.000000 0.000000 0.000000 0.000000 0.000000 
1.000000 72.000000 10.742466 0.000000 1.000000 0.000000 0.000000 0.000000 
1.000000 72.000000 10.742466 0.000000 0.000000 1.000000 0.000000 0.000000 

1.000000 72.000000 10.742466 1.000000 0.000000 0.000000 0.000000 0.000000 
1.000000 72.000000 10.742466 1.000000 1.000000 0.000000 1.000000 0.000000 
1.000000 72.000000 10.742466 1.000000 0.000000 1.000000 0.000000 1.000000 

1.000000 63.000000 8.958904 0.000000 0.000000 0.000000 0.000000 0.000000 
1.000000 63.000000 8.958904 0.000000 1.000000 0.000000 0.000000 0.000000 
1.000000 63.000000 8.958904 0.000000 0.000000 1.000000 0.000000 0.000000 

1.000000 63.000000 8.958904 1.000000 0.000000 0.000000 0.000000 0.000000 
1.000000 63.000000 8.958904 1.000000 1.000000 0.000000 1.000000 0.000000 
1.000000 63.000000 8.958904 1.000000 0.000000 1.000000 0.000000 1.000000 

1.000000 67.000000 9.942466 0.000000 0.000000 0.000000 0.000000 0.000000 
1.000000 67.000000 9.942466 0.000000 1.000000 0.000000 0.000000 0.000000 
1.000000 67.000000 9.942466 0.000000 0.000000 1.000000 0.000000 0.000000 

1.000000 67.000000 9.942466 1.000000 0.000000 0.000000 0.000000 0.000000 
1.000000 67.000000 9.942466 1.000000 1.000000 0.000000 1.000000 0.000000 
1.000000 67.000000 9.942466 1.000000 0.000000 1.000000 0.000000 1.000000 

Reps SUB 0 = 1
freq SUB 0 = 50.000000
Reps SUB 1 = 1
freq SUB 1 = 50.000000
Reps SUB 2 = 1
freq SUB 2 = 50.000000
Reps SUB 3 = 1
freq SUB 3 = 50.000000
Reps SUB 4 = 1
freq SUB 4 = 50.000000
Reps SUB 5 = 1
freq SUB 5 = 50.000000
Reps SUB 6 = 1
freq SUB 6 = 50.000000
Reps SUB 7 = 1
freq SUB 7 = 50.000000
Reps SUB 8 = 1
freq SUB 8 = 50.000000
Reps SUB 9 = 1
freq SUB 9 = 50.000000
pop.sub[0].rep[0].dataname = 3081_Chinese_Task1_hbo.txt
pop.sub[1].rep[0].dataname = 3082_Chinese_Task1_hbo.txt
pop.sub[2].rep[0].dataname = 3083_Chinese_Task1_hbo.txt
pop.sub[3].rep[0].dataname = 3084_Chinese_Task1_hbo.txt
pop.sub[4].rep[0].dataname = 3085_Chinese_Task1_hbo.txt
pop.sub[5].rep[0].dataname = 3081_Chinese_Task2_hbo.txt
pop.sub[6].rep[0].dataname = 3082_Chinese_Task2_hbo.txt
pop.sub[7].rep[0].dataname = 3083_Chinese_Task2_hbo.txt
pop.sub[8].rep[0].dataname = 3084_Chinese_Task2_hbo.txt
pop.sub[9].rep[0].dataname = 3085_Chinese_Task2_hbo.txt
pop.sub[0].rep[0].designname = 3081_Chinese_Task1_stim.txt
pop.sub[1].rep[0].designname = 3082_Chinese_Task1_stim.txt
pop.sub[2].rep[0].designname = 3083_Chinese_Task1_stim.txt
pop.sub[3].rep[0].designname = 3084_Chinese_Task1_stim.txt
pop.sub[4].rep[0].designname = 3085_Chinese_Task1_stim.txt
pop.sub[5].rep[0].designname = 3081_Chinese_Task2_stim.txt
pop.sub[6].rep[0].designname = 3082_Chinese_Task2_stim.txt
pop.sub[7].rep[0].designname = 3083_Chinese_Task2_stim.txt
pop.sub[8].rep[0].designname = 3084_Chinese_Task2_stim.txt
pop.sub[9].rep[0].designname = 3085_Chinese_Task2_stim.txt
non_parm = 0
Nb = 1
3081_Chinese_Task1_hbo.txt
4.02685e-08 2.82925e-06 
3082_Chinese_Task1_hbo.txt
-2.44098e-07 4.58052e-06 
3083_Chinese_Task1_hbo.txt
3.42984e-08 2.73988e-06 
3084_Chinese_Task1_hbo.txt
1.11857e-08 2.27734e-06 
3085_Chinese_Task1_hbo.txt
1.70022e-08 1.55461e-06 
3081_Chinese_Task2_hbo.txt
7.05314e-08 3.06684e-06 
3082_Chinese_Task2_hbo.txt
-9.5759e-07 1.75789e-05 
3083_Chinese_Task2_hbo.txt
7.00957e-08 3.15715e-06 
3084_Chinese_Task2_hbo.txt
1.94647e-08 3.0122e-06 
3085_Chinese_Task2_hbo.txt
3.6165e-08 2.2373e-06 
3081_Chinese_Task1_hbo.txt
3081_Chinese_Task1_stim.txt
max = 16.320784
Time = 446.900000 freq = 50.000000
int_knots = 17 nknots = 23
dim = 4470 19
19 19 17
NKNOTS = 23, dim_V[1] = 19
-0.000001 -0.000001 -0.000001 0.000000 279.312500 558.625000 837.937500 1117.250000 1396.562500 1675.875000 1955.187500 2234.500000 2513.812500 2793.125000 3072.437500 3351.750000 3631.062500 3910.375000 4189.687500 4469.000000 4469.000001 4469.000001 4469.000001 
3082_Chinese_Task1_hbo.txt
3082_Chinese_Task1_stim.txt
max = 16.319060
Time = 448.900000 freq = 50.000000
int_knots = 17 nknots = 23
dim = 4490 19
19 19 17
NKNOTS = 23, dim_V[1] = 19
-0.000001 -0.000001 -0.000001 0.000000 280.562500 561.125000 841.687500 1122.250000 1402.812500 1683.375000 1963.937500 2244.500000 2525.062500 2805.625000 3086.187500 3366.750000 3647.312500 3927.875000 4208.437500 4489.000000 4489.000001 4489.000001 4489.000001 
3083_Chinese_Task1_hbo.txt
3083_Chinese_Task1_stim.txt
max = 16.317330
Time = 448.900000 freq = 50.000000
int_knots = 17 nknots = 23
dim = 4490 19
19 19 17
NKNOTS = 23, dim_V[1] = 19
-0.000001 -0.000001 -0.000001 0.000000 280.562500 561.125000 841.687500 1122.250000 1402.812500 1683.375000 1963.937500 2244.500000 2525.062500 2805.625000 3086.187500 3366.750000 3647.312500 3927.875000 4208.437500 4489.000000 4489.000001 4489.000001 4489.000001 
3084_Chinese_Task1_hbo.txt
3084_Chinese_Task1_stim.txt
max = 16.319759
Time = 446.900000 freq = 50.000000
int_knots = 17 nknots = 23
dim = 4470 19
19 19 17
NKNOTS = 23, dim_V[1] = 19
-0.000001 -0.000001 -0.000001 0.000000 279.312500 558.625000 837.937500 1117.250000 1396.562500 1675.875000 1955.187500 2234.500000 2513.812500 2793.125000 3072.437500 3351.750000 3631.062500 3910.375000 4189.687500 4469.000000 4469.000001 4469.000001 4469.000001 
3085_Chinese_Task1_hbo.txt
3085_Chinese_Task1_stim.txt
max = 16.319944
Time = 446.900000 freq = 50.000000
int_knots = 17 nknots = 23
dim = 4470 19
19 19 17
NKNOTS = 23, dim_V[1] = 19
-0.000001 -0.000001 -0.000001 0.000000 279.312500 558.625000 837.937500 1117.250000 1396.562500 1675.875000 1955.187500 2234.500000 2513.812500 2793.125000 3072.437500 3351.750000 3631.062500 3910.375000 4189.687500 4469.000000 4469.000001 4469.000001 4469.000001 
3081_Chinese_Task2_hbo.txt
3081_Chinese_Task2_stim.txt
max = 16.320724
Time = 413.900000 freq = 50.000000
int_knots = 17 nknots = 23
dim = 4140 19
19 19 17
NKNOTS = 23, dim_V[1] = 19
-0.000001 -0.000001 -0.000001 0.000000 258.687500 517.375000 776.062500 1034.750000 1293.437500 1552.125000 1810.812500 2069.500000 2328.187500 2586.875000 2845.562500 3104.250000 3362.937500 3621.625000 3880.312500 4139.000000 4139.000001 4139.000001 4139.000001 
3082_Chinese_Task2_hbo.txt
3082_Chinese_Task2_stim.txt
max = 16.320724
Time = 414.900000 freq = 50.000000
int_knots = 17 nknots = 23
dim = 4150 19
19 19 17
NKNOTS = 23, dim_V[1] = 19
-0.000001 -0.000001 -0.000001 0.000000 259.312500 518.625000 777.937500 1037.250000 1296.562500 1555.875000 1815.187500 2074.500000 2333.812500 2593.125000 2852.437500 3111.750000 3371.062500 3630.375000 3889.687500 4149.000000 4149.000001 4149.000001 4149.000001 
3083_Chinese_Task2_hbo.txt
3083_Chinese_Task2_stim.txt
max = 16.319759
Time = 417.900000 freq = 50.000000
int_knots = 17 nknots = 23
dim = 4180 19
19 19 17
NKNOTS = 23, dim_V[1] = 19
-0.000001 -0.000001 -0.000001 0.000000 261.187500 522.375000 783.562500 1044.750000 1305.937500 1567.125000 1828.312500 2089.500000 2350.687500 2611.875000 2873.062500 3134.250000 3395.437500 3656.625000 3917.812500 4179.000000 4179.000001 4179.000001 4179.000001 
3084_Chinese_Task2_hbo.txt
3084_Chinese_Task2_stim.txt
max = 16.319759
Time = 410.900000 freq = 50.000000
int_knots = 17 nknots = 23
dim = 4110 19
19 19 17
NKNOTS = 23, dim_V[1] = 19
-0.000001 -0.000001 -0.000001 0.000000 256.812500 513.625000 770.437500 1027.250000 1284.062500 1540.875000 1797.687500 2054.500000 2311.312500 2568.125000 2824.937500 3081.750000 3338.562500 3595.375000 3852.187500 4109.000000 4109.000001 4109.000001 4109.000001 
3085_Chinese_Task2_hbo.txt
3085_Chinese_Task2_stim.txt
max = 16.320724
Time = 411.900000 freq = 50.000000
int_knots = 17 nknots = 23
dim = 4120 19
19 19 17
NKNOTS = 23, dim_V[1] = 19
-0.000001 -0.000001 -0.000001 0.000000 257.437500 514.875000 772.312500 1029.750000 1287.187500 1544.625000 1802.062500 2059.500000 2316.937500 2574.375000 2831.812500 3089.250000 3346.687500 3604.125000 3861.562500 4119.000000 4119.000001 4119.000001 4119.000001 
ENTERING MCMC
iter =      0	 Sub 0, Rep 0 	 int knots = 9	 precY0 =   0.107933 	 preceta =   0.009749
	 df_delta1 =   0.992692 	 df_delta2 =   0.990949 	 P =   5
iter =      0	 Sub 1, Rep 0 	 int knots = 10	 precY0 =   0.131693 	 preceta =   0.024318
	 df_delta1 =   0.990000 	 df_delta2 =   0.989656 	 P =   5
iter =      0	 Sub 2, Rep 0 	 int knots = 16	 precY0 =   0.047983 	 preceta =   0.044059
	 df_delta1 =   0.990000 	 df_delta2 =   0.999262 	 P =   5
iter =      0	 Sub 3, Rep 0 	 int knots = 16	 precY0 =   0.072796 	 preceta =   0.013784
	 df_delta1 =   0.990000 	 df_delta2 =   0.999172 	 P =   5
iter =      0	 Sub 4, Rep 0 	 int knots = 17	 precY0 =   0.028410 	 preceta =   0.019995
	 df_delta1 =   0.990000 	 df_delta2 =   0.998798 	 P =   5
iter =      0	 Sub 5, Rep 0 	 int knots = 7	 precY0 =   0.065704 	 preceta =   0.006489
	 df_delta1 =   0.990000 	 df_delta2 =   0.997163 	 P =   6
iter =      0	 Sub 6, Rep 0 	 int knots = 8	 precY0 =   2.401158 	 preceta =   0.019864
	 df_delta1 =   0.990000 	 df_delta2 =   0.973404 	 P =   5
iter =      0	 Sub 7, Rep 0 	 int knots = 18	 precY0 =   0.023260 	 preceta =   0.027882
	 df_delta1 =   0.999569 	 df_delta2 =   0.993934 	 P =   5
iter =      0	 Sub 8, Rep 0 	 int knots = 6	 precY0 =   0.315174 	 preceta =   0.012597
	 df_delta1 =   0.996117 	 df_delta2 =   0.990000 	 P =   7
iter =      0	 Sub 9, Rep 0 	 int knots = 11	 precY0 =   0.055138 	 preceta =   0.010960
	 df_delta1 =   0.990814 	 df_delta2 =   0.990000 	 P =   5
Condition 0
	 0.1 	 2.31342

	sub 0:	  -1.045199 
	sub 1:	   2.053395 
	sub 2:	  -0.814276 
	sub 3:	   0.993596 
	sub 4:	   4.649819 
	sub 5:	  -0.171882 
	sub 6:	  -0.246262 
	sub 7:	  -1.764473 
	sub 8:	  -0.500927 
	sub 9:	   0.697239 

Condition 1
	 0.1 	 2.07388

	sub 0:	   5.363281 
	sub 1:	   2.240443 
	sub 2:	   1.492255 
	sub 3:	   0.297536 
	sub 4:	   4.364061 
	sub 5:	  -1.078698 
	sub 6:	  -1.161389 
	sub 7:	  -0.539531 
	sub 8:	   0.772986 
	sub 9:	  -2.787342 

Condition 2
	 0.1 	 2.62196

	sub 0:	  -3.196038 
	sub 1:	   3.372133 
	sub 2:	   0.882857 
	sub 3:	  -1.417003 
	sub 4:	  -1.382008 
	sub 5:	   2.660275 
	sub 6:	  -2.045869 
	sub 7:	   1.466107 
	sub 8:	   4.248189 
	sub 9:	  -0.804735 

Pop Parms:
                   (Intercept) =   1.075119
                       LWIDraw =   0.060834
                           Age =  -0.574749
                        Task_2 =   0.778268
                   Condition_2 =   4.788866
                   Condition_3 =   1.061170
            Task_2:Condition_2 =  -6.434731
            Task_2:Condition_3 =  -0.216902


EXITING MCMC
