Pop Level Parameters: 
	                   (Intercept) mean = 1.815	sd = 0.743
	                               95% Cred.Int. = (0.901, 3.015)*

	                       LWIDraw mean = 0.079	sd = 0.022
	                               95% Cred.Int. = (0.040, 0.105)*

	                           Age mean = -0.802	sd = 0.219
	                               95% Cred.Int. = (-1.060, -0.425)*

	                        Task_2 mean = 0.408	sd = 0.525
	                               95% Cred.Int. = (-0.493, 1.186)*

	                   Condition_2 mean = 0.829	sd = 0.676
	                               95% Cred.Int. = (-0.299, 1.804)*

	                   Condition_3 mean = 0.854	sd = 0.784
	                               95% Cred.Int. = (-0.036, 2.424)*

	            Task_2:Condition_2 mean = -1.614	sd = 0.630
	                               95% Cred.Int. = (-2.630, -0.650)*

	            Task_2:Condition_3 mean = -1.187	sd = 1.318
	                               95% Cred.Int. = (-2.431, 1.490)*




Parameter Summary for Subjects


	3081_Chinese_Task1_hbo

		Cond = 0


			HRF

				mean = -0.133	sd = 0.441
				95% Cred.Int. = (-0.732, 0.613)*

		Cond = 1


			HRF

				mean = 1.623	sd = 0.822
				95% Cred.Int. = (0.232, 2.705)*

		Cond = 2


			HRF

				mean = -0.443	sd = 1.484
				95% Cred.Int. = (-3.406, 1.250)*


	3082_Chinese_Task1_hbo

		Cond = 0


			HRF

				mean = 1.667	sd = 0.733
				95% Cred.Int. = (0.999, 3.153)*

		Cond = 1


			HRF

				mean = 1.105	sd = 1.010
				95% Cred.Int. = (-0.411, 2.680)*

		Cond = 2


			HRF

				mean = 0.836	sd = 0.654
				95% Cred.Int. = (-0.193, 1.703)*


	3083_Chinese_Task1_hbo

		Cond = 0


			HRF

				mean = -1.398	sd = 0.593
				95% Cred.Int. = (-2.127, -0.483)*

		Cond = 1


			HRF

				mean = -0.262	sd = 0.642
				95% Cred.Int. = (-0.978, 0.954)*

		Cond = 2


			HRF

				mean = -0.364	sd = 0.649
				95% Cred.Int. = (-1.418, 0.656)*


	3084_Chinese_Task1_hbo

		Cond = 0


			HRF

				mean = -0.582	sd = 0.939
				95% Cred.Int. = (-1.786, 0.998)*

		Cond = 1


			HRF

				mean = -1.235	sd = 0.497
				95% Cred.Int. = (-1.860, -0.498)*

		Cond = 2


			HRF

				mean = -1.944	sd = 1.063
				95% Cred.Int. = (-3.628, -0.643)*


	3085_Chinese_Task1_hbo

		Cond = 0


			HRF

				mean = -0.498	sd = 0.521
				95% Cred.Int. = (-1.408, 0.026)*

		Cond = 1


			HRF

				mean = 0.794	sd = 0.792
				95% Cred.Int. = (-0.192, 2.063)*

		Cond = 2


			HRF

				mean = 0.776	sd = 1.209
				95% Cred.Int. = (-0.899, 2.135)*


	3081_Chinese_Task2_hbo

		Cond = 0


			HRF

				mean = -1.253	sd = 0.530
				95% Cred.Int. = (-1.921, -0.331)*

		Cond = 1


			HRF

				mean = -0.925	sd = 0.766
				95% Cred.Int. = (-2.057, 0.151)*

		Cond = 2


			HRF

				mean = -0.216	sd = 0.707
				95% Cred.Int. = (-1.137, 0.739)*


	3082_Chinese_Task2_hbo

		Cond = 0


			HRF

				mean = -0.509	sd = 0.549
				95% Cred.Int. = (-1.387, 0.352)*

		Cond = 1


			HRF

				mean = -0.708	sd = 0.347
				95% Cred.Int. = (-1.068, -0.106)*

		Cond = 2


			HRF

				mean = -1.316	sd = 0.381
				95% Cred.Int. = (-1.811, -0.830)*


	3083_Chinese_Task2_hbo

		Cond = 0


			HRF

				mean = -0.046	sd = 0.772
				95% Cred.Int. = (-0.966, 1.135)*

		Cond = 1


			HRF

				mean = -0.714	sd = 0.676
				95% Cred.Int. = (-1.508, 0.467)*

		Cond = 2


			HRF

				mean = -0.362	sd = 0.622
				95% Cred.Int. = (-1.276, 0.506)*


	3084_Chinese_Task2_hbo

		Cond = 0


			HRF

				mean = -0.258	sd = 0.838
				95% Cred.Int. = (-1.084, 1.427)*

		Cond = 1


			HRF

				mean = -0.252	sd = 0.954
				95% Cred.Int. = (-1.846, 1.000)*

		Cond = 2


			HRF

				mean = 1.306	sd = 1.078
				95% Cred.Int. = (-0.149, 2.888)*


	3085_Chinese_Task2_hbo

		Cond = 0


			HRF

				mean = -0.694	sd = 0.651
				95% Cred.Int. = (-1.732, 0.389)*

		Cond = 1


			HRF

				mean = -1.419	sd = 0.752
				95% Cred.Int. = (-2.594, -0.230)*

		Cond = 2


			HRF

				mean = -1.252	sd = 1.044
				95% Cred.Int. = (-2.930, 0.471)*


95% Cred.Int. based on the 0.025 and 0.975 quantiles.
Quantiles estimated using the default method in R version 3.4.3.
