0.000000 
0.000000 
0.000000 
0.000000 
0.000000 
0.000000 
0.000000 
0.000000 
0.000000 
0.000001 
0.000001 
0.000001 
0.000002 
0.000003 
0.000004 
0.000006 
0.000008 
0.000011 
0.000014 
0.000018 
0.000023 
0.000029 
0.000036 
0.000044 
0.000053 
0.000064 
0.000076 
0.000090 
0.000106 
0.000124 
0.000144 
0.000166 
0.000191 
0.000218 
0.000248 
0.000281 
0.000317 
0.000356 
0.000399 
0.000445 
0.000496 
0.000550 
0.000608 
0.000670 
0.000737 
0.000808 
0.000884 
0.000965 
0.001051 
0.001142 
0.001238 
0.001340 
0.001447 
0.001561 
0.001680 
0.001804 
0.001935 
0.002073 
0.002216 
0.002366 
0.002523 
0.002686 
0.002856 
0.003032 
0.003216 
0.003406 
0.003603 
0.003808 
0.004019 
0.004238 
0.004464 
0.004697 
0.004938 
0.005186 
0.005441 
0.005703 
0.005973 
0.006250 
0.006535 
0.006827 
0.007126 
0.007432 
0.007746 
0.008067 
0.008395 
0.008731 
0.009073 
0.009423 
0.009779 
0.010143 
0.010513 
0.010891 
0.011274 
0.011665 
0.012062 
0.012466 
0.012876 
0.013292 
0.013714 
0.014143 
0.014577 
0.015017 
0.015463 
0.015915 
0.016372 
0.016834 
0.017301 
0.017774 
0.018252 
0.018734 
0.019221 
0.019712 
0.020208 
0.020708 
0.021212 
0.021720 
0.022232 
0.022748 
0.023267 
0.023789 
0.024314 
0.024842 
0.025373 
0.025907 
0.026443 
0.026982 
0.027523 
0.028065 
0.028610 
0.029156 
0.029704 
0.030253 
0.030803 
0.031354 
0.031906 
0.032459 
0.033012 
0.033566 
0.034119 
0.034673 
0.035227 
0.035780 
0.036333 
0.036885 
0.037437 
0.037988 
0.038537 
0.039086 
0.039633 
0.040178 
0.040722 
0.041264 
0.041804 
0.042342 
0.042878 
0.043411 
0.043942 
0.044470 
0.044996 
0.045518 
0.046038 
0.046554 
0.047067 
0.047577 
0.048083 
0.048585 
0.049084 
0.049579 
0.050070 
0.050556 
0.051039 
0.051517 
0.051991 
0.052460 
0.052925 
0.053385 
0.053840 
0.054290 
0.054735 
0.055176 
0.055611 
0.056041 
0.056465 
0.056884 
0.057298 
0.057706 
0.058109 
0.058506 
0.058897 
0.059283 
0.059663 
0.060037 
0.060404 
0.060766 
0.061122 
0.061472 
0.061816 
0.062153 
0.062484 
0.062809 
0.063128 
0.063441 
0.063747 
0.064046 
0.064340 
0.064627 
0.064907 
0.065181 
0.065448 
0.065709 
0.065964 
0.066212 
0.066453 
0.066688 
0.066916 
0.067138 
0.067353 
0.067562 
0.067764 
0.067960 
0.068149 
0.068331 
0.068507 
0.068677 
0.068839 
0.068996 
0.069146 
0.069289 
0.069426 
0.069557 
0.069681 
0.069799 
0.069910 
0.070015 
0.070114 
0.070207 
0.070293 
0.070373 
0.070447 
0.070515 
0.070576 
0.070632 
0.070681 
0.070724 
0.070762 
0.070793 
0.070819 
0.070839 
0.070853 
0.070861 
0.070863 
0.070860 
0.070851 
0.070837 
0.070817 
0.070791 
0.070760 
0.070724 
0.070682 
0.070635 
0.070583 
0.070525 
0.070462 
0.070395 
0.070322 
0.070244 
0.070161 
0.070074 
0.069982 
0.069884 
0.069782 
0.069676 
0.069565 
0.069449 
0.069329 
0.069204 
0.069075 
0.068942 
0.068805 
0.068663 
0.068517 
0.068367 
0.068213 
0.068055 
0.067893 
0.067727 
0.067558 
0.067384 
0.067207 
0.067027 
0.066843 
0.066655 
0.066464 
0.066269 
0.066072 
0.065870 
0.065666 
0.065459 
0.065248 
0.065035 
0.064818 
0.064598 
0.064376 
0.064151 
0.063923 
0.063692 
0.063459 
0.063223 
0.062985 
0.062744 
0.062500 
0.062255 
0.062007 
0.061756 
0.061504 
0.061249 
0.060992 
0.060734 
0.060473 
0.060210 
0.059946 
0.059679 
0.059411 
0.059141 
0.058869 
0.058596 
0.058321 
0.058044 
0.057766 
0.057487 
0.057206 
0.056924 
0.056640 
0.056355 
0.056069 
0.055782 
0.055494 
0.055205 
0.054914 
0.054623 
0.054330 
0.054037 
0.053743 
0.053448 
0.053152 
0.052856 
0.052559 
0.052261 
0.051962 
0.051663 
0.051364 
0.051064 
0.050763 
0.050462 
0.050161 
0.049859 
0.049557 
0.049254 
0.048952 
0.048649 
0.048346 
0.048042 
0.047739 
0.047435 
0.047132 
0.046828 
0.046525 
0.046221 
0.045918 
0.045614 
0.045311 
0.045008 
0.044705 
0.044402 
0.044100 
0.043797 
0.043495 
0.043194 
0.042892 
0.042591 
0.042291 
0.041991 
0.041691 
0.041392 
0.041093 
0.040794 
0.040497 
0.040199 
0.039902 
0.039606 
0.039311 
0.039016 
0.038722 
0.038428 
0.038135 
0.037843 
0.037551 
0.037260 
0.036970 
0.036681 
0.036392 
0.036105 
0.035818 
0.035532 
0.035246 
0.034962 
0.034678 
0.034396 
0.034114 
0.033833 
0.033553 
0.033274 
0.032996 
0.032719 
0.032443 
0.032168 
0.031894 
0.031621 
0.031349 
0.031077 
0.030807 
0.030538 
0.030270 
0.030003 
0.029738 
0.029473 
0.029209 
0.028946 
0.028685 
0.028425 
0.028165 
0.027907 
0.027650 
0.027394 
0.027139 
0.026886 
0.026633 
0.026382 
0.026131 
0.025882 
0.025635 
0.025388 
0.025142 
0.024898 
0.024655 
0.024413 
0.024172 
0.023932 
0.023694 
0.023456 
0.023220 
0.022986 
0.022752 
0.022519 
0.022288 
0.022058 
0.021829 
0.021602 
0.021375 
0.021150 
0.020926 
0.020703 
0.020481 
0.020261 
0.020042 
0.019824 
0.019607 
0.019391 
0.019177 
0.018964 
0.018752 
0.018541 
0.018331 
0.018123 
0.017916 
0.017710 
0.017505 
0.017302 
0.017099 
0.016898 
0.016698 
0.016499 
0.016302 
0.016105 
0.015910 
0.015716 
0.015523 
0.015331 
0.015141 
0.014951 
0.014763 
0.014576 
0.014390 
0.014205 
0.014022 
0.013839 
0.013658 
0.013478 
0.013299 
0.013121 
0.012944 
0.012769 
0.012594 
0.012421 
0.012248 
0.012077 
0.011907 
0.011738 
0.011571 
0.011404 
0.011238 
0.011074 
0.010910 
0.010748 
0.010587 
0.010426 
0.010267 
0.010109 
0.009952 
0.009796 
0.009641 
0.009487 
0.009335 
0.009183 
0.009032 
0.008882 
0.008734 
0.008586 
0.008439 
0.008294 
0.008149 
0.008006 
0.007863 
0.007721 
0.007581 
0.007441 
0.007302 
0.007165 
0.007028 
0.006892 
0.006758 
0.006624 
0.006491 
0.006359 
0.006228 
0.006098 
0.005969 
0.005841 
0.005714 
0.005588 
0.005462 
0.005338 
0.005214 
0.005092 
0.004970 
0.004849 
0.004729 
0.004610 
0.004492 
0.004375 
0.004258 
0.004143 
0.004028 
0.003914 
0.003801 
0.003689 
0.003578 
0.003468 
0.003358 
0.003250 
0.003142 
0.003035 
0.002928 
0.002823 
0.002719 
0.002615 
0.002512 
0.002410 
0.002308 
0.002208 
0.002108 
0.002009 
0.001911 
0.001813 
0.001717 
0.001621 
0.001526 
0.001431 
0.001338 
0.001245 
0.001153 
0.001062 
0.000971 
0.000881 
0.000792 
0.000704 
0.000616 
0.000529 
0.000443 
0.000358 
0.000273 
0.000189 
0.000105 
0.000023 
-0.000059 
-0.000140 
-0.000221 
-0.000301 
-0.000380 
-0.000458 
-0.000536 
-0.000613 
-0.000690 
-0.000766 
-0.000841 
-0.000915 
-0.000989 
-0.001062 
-0.001135 
-0.001207 
-0.001278 
-0.001349 
-0.001419 
-0.001488 
-0.001557 
-0.001625 
-0.001692 
-0.001759 
-0.001825 
-0.001891 
-0.001956 
-0.002020 
-0.002084 
-0.002147 
-0.002209 
-0.002271 
-0.002333 
-0.002394 
-0.002454 
-0.002513 
-0.002572 
-0.002631 
-0.002689 
-0.002746 
-0.002803 
-0.002859 
-0.002914 
-0.002969 
-0.003024 
-0.003078 
-0.003131 
-0.003184 
-0.003236 
-0.003288 
-0.003339 
-0.003390 
-0.003440 
-0.003490 
-0.003539 
-0.003587 
-0.003635 
-0.003683 
-0.003730 
-0.003776 
-0.003822 
-0.003867 
-0.003912 
-0.003957 
-0.004001 
-0.004044 
-0.004087 
-0.004129 
-0.004171 
-0.004213 
-0.004253 
-0.004294 
-0.004334 
-0.004373 
-0.004412 
-0.004451 
-0.004489 
-0.004526 
-0.004564 
-0.004600 
-0.004636 
-0.004672 
-0.004707 
-0.004742 
-0.004777 
-0.004810 
-0.004844 
-0.004877 
-0.004909 
-0.004942 
-0.004973 
-0.005004 
-0.005035 
-0.005066 
-0.005096 
-0.005125 
-0.005154 
-0.005183 
-0.005211 
-0.005239 
-0.005266 
-0.005293 
-0.005320 
-0.005346 
-0.005372 
-0.005397 
-0.005422 
-0.005447 
-0.005471 
-0.005494 
-0.005518 
-0.005541 
-0.005563 
-0.005585 
-0.005607 
-0.005629 
-0.005650 
-0.005670 
-0.005691 
-0.005711 
-0.005730 
-0.005749 
-0.005768 
-0.005786 
-0.005805 
-0.005822 
-0.005840 
-0.005857 
-0.005873 
-0.005889 
-0.005905 
-0.005921 
-0.005936 
-0.005951 
-0.005966 
-0.005980 
-0.005994 
-0.006007 
-0.006020 
-0.006033 
-0.006046 
-0.006058 
-0.006070 
-0.006081 
-0.006093 
-0.006103 
-0.006114 
-0.006124 
-0.006134 
-0.006144 
-0.006153 
-0.006162 
-0.006171 
-0.006179 
-0.006187 
-0.006195 
-0.006203 
-0.006210 
-0.006217 
-0.006224 
-0.006230 
-0.006236 
-0.006242 
-0.006247 
-0.006252 
-0.006257 
-0.006262 
-0.006266 
-0.006270 
-0.006274 
-0.006278 
-0.006281 
-0.006284 
-0.006287 
-0.006289 
-0.006292 
-0.006294 
-0.006295 
-0.006297 
-0.006298 
-0.006299 
-0.006300 
-0.006300 
-0.006300 
-0.006300 
-0.006300 
-0.006300 
-0.006299 
-0.006298 
-0.006297 
-0.006295 
-0.006294 
-0.006292 
-0.006290 
-0.006287 
-0.006285 
-0.006282 
-0.006279 
-0.006276 
-0.006272 
-0.006269 
-0.006265 
-0.006261 
-0.006257 
-0.006252 
-0.006247 
-0.006243 
-0.006237 
-0.006232 
-0.006227 
-0.006221 
-0.006215 
-0.006209 
-0.006203 
-0.006197 
-0.006190 
-0.006183 
-0.006176 
-0.006169 
-0.006162 
-0.006154 
-0.006146 
-0.006139 
-0.006131 
-0.006122 
-0.006114 
-0.006105 
-0.006097 
-0.006088 
-0.006079 
-0.006070 
-0.006060 
-0.006051 
-0.006041 
-0.006031 
-0.006022 
-0.006011 
-0.006001 
-0.005991 
-0.005980 
-0.005970 
-0.005959 
-0.005948 
-0.005937 
-0.005926 
-0.005914 
-0.005903 
-0.005891 
-0.005879 
-0.005867 
-0.005855 
-0.005843 
-0.005831 
-0.005819 
-0.005806 
-0.005793 
-0.005781 
-0.005768 
-0.005755 
-0.005742 
-0.005729 
-0.005715 
-0.005702 
-0.005688 
-0.005675 
-0.005661 
-0.005647 
-0.005633 
-0.005619 
-0.005605 
-0.005591 
-0.005577 
-0.005562 
-0.005548 
-0.005533 
-0.005519 
-0.005504 
-0.005489 
-0.005474 
-0.005459 
-0.005444 
-0.005429 
-0.005414 
-0.005398 
-0.005383 
-0.005367 
-0.005352 
-0.005336 
-0.005321 
-0.005305 
-0.005289 
-0.005273 
-0.005257 
-0.005241 
-0.005225 
-0.005209 
-0.005193 
-0.005177 
-0.005160 
-0.005144 
-0.005127 
-0.005111 
-0.005094 
-0.005078 
-0.005061 
-0.005044 
-0.005028 
-0.005011 
-0.004994 
-0.004977 
-0.004960 
-0.004943 
-0.004926 
-0.004909 
-0.004892 
-0.004875 
-0.004858 
-0.004841 
-0.004824 
-0.004806 
-0.004789 
-0.004772 
-0.004754 
-0.004737 
-0.004720 
-0.004702 
-0.004685 
-0.004667 
-0.004650 
-0.004632 
-0.004615 
-0.004597 
-0.004580 
-0.004562 
-0.004544 
-0.004527 
-0.004509 
-0.004491 
-0.004474 
-0.004456 
-0.004438 
-0.004421 
-0.004403 
-0.004385 
-0.004368 
-0.004350 
-0.004332 
-0.004314 
-0.004297 
-0.004279 
-0.004261 
-0.004243 
-0.004225 
-0.004208 
-0.004190 
-0.004172 
-0.004154 
-0.004137 
-0.004119 
-0.004101 
-0.004083 
-0.004066 
-0.004048 
-0.004030 
-0.004013 
-0.003995 
-0.003977 
-0.003959 
-0.003942 
-0.003924 
-0.003907 
-0.003889 
-0.003871 
-0.003854 
-0.003836 
-0.003819 
-0.003801 
-0.003783 
-0.003766 
-0.003748 
-0.003731 
-0.003714 
-0.003696 
-0.003679 
-0.003661 
-0.003644 
-0.003627 
-0.003609 
-0.003592 
-0.003575 
-0.003558 
-0.003540 
-0.003523 
-0.003506 
-0.003489 
-0.003472 
-0.003455 
-0.003438 
-0.003421 
-0.003404 
-0.003387 
-0.003370 
-0.003353 
-0.003336 
-0.003319 
-0.003303 
-0.003286 
-0.003269 
-0.003252 
-0.003236 
-0.003219 
-0.003203 
-0.003186 
-0.003170 
-0.003153 
-0.003137 
-0.003120 
-0.003104 
-0.003088 
-0.003071 
-0.003055 
-0.003039 
-0.003023 
-0.003007 
-0.002991 
-0.002975 
-0.002959 
-0.002943 
-0.002927 
-0.002911 
-0.002895 
-0.002880 
-0.002864 
-0.002848 
-0.002833 
-0.002817 
-0.002801 
-0.002786 
-0.002771 
-0.002755 
-0.002740 
-0.002725 
-0.002709 
-0.002694 
-0.002679 
-0.002664 
-0.002649 
-0.002634 
-0.002619 
-0.002604 
-0.002589 
-0.002574 
-0.002559 
-0.002545 
-0.002530 
-0.002515 
-0.002501 
-0.002486 
-0.002472 
-0.002457 
-0.002443 
-0.002429 
-0.002414 
-0.002400 
-0.002386 
-0.002372 
-0.002358 
-0.002344 
-0.002330 
-0.002316 
-0.002302 
-0.002288 
-0.002275 
-0.002261 
-0.002247 
-0.002234 
-0.002220 
-0.002207 
-0.002193 
-0.002180 
-0.002167 
-0.002153 
-0.002140 
-0.002127 
-0.002114 
-0.002101 
-0.002088 
-0.002075 
-0.002062 
-0.002049 
-0.002036 
-0.002024 
-0.002011 
-0.001998 
-0.001986 
-0.001973 
-0.001961 
-0.001948 
-0.001936 
-0.001924 
-0.001911 
-0.001899 
-0.001887 
-0.001875 
-0.001863 
-0.001851 
-0.001839 
-0.001827 
-0.001815 
-0.001804 
-0.001792 
-0.001780 
-0.001769 
-0.001757 
-0.001746 
-0.001734 
-0.001723 
-0.001712 
-0.001700 
-0.001689 
-0.001678 
-0.001667 
-0.001656 
-0.001645 
-0.001634 
-0.001623 
-0.001612 
-0.001601 
-0.001591 
-0.001580 
-0.001569 
-0.001559 
-0.001548 
-0.001538 
-0.001527 
-0.001517 
-0.001507 
-0.001496 
-0.001486 
-0.001476 
-0.001466 
-0.001456 
-0.001446 
-0.001436 
-0.001426 
-0.001416 
-0.001406 
-0.001397 
-0.001387 
-0.001377 
-0.001368 
-0.001358 
-0.001349 
-0.001339 
-0.001330 
-0.001321 
-0.001311 
-0.001302 
-0.001293 
-0.001284 
-0.001275 
-0.001266 
-0.001257 
-0.001248 
-0.001239 
-0.001230 
-0.001221 
-0.001213 
-0.001204 
-0.001195 
-0.001187 
-0.001178 
-0.001170 
-0.001161 
-0.001153 
-0.001144 
-0.001136 
-0.001128 
-0.001120 
-0.001112 
-0.001103 
-0.001095 
-0.001087 
-0.001079 
-0.001072 
-0.001064 
-0.001056 
-0.001048 
-0.001040 
-0.001033 
-0.001025 
-0.001017 
-0.001010 
-0.001002 
-0.000995 
-0.000988 
-0.000980 
-0.000973 
-0.000966 
-0.000958 
-0.000951 
-0.000944 
-0.000937 
-0.000930 
-0.000923 
-0.000916 
-0.000909 
-0.000902 
-0.000895 
-0.000888 
-0.000882 
-0.000875 
-0.000868 
-0.000862 
-0.000855 
-0.000849 
-0.000842 
-0.000836 
-0.000829 
-0.000823 
-0.000816 
-0.000810 
-0.000804 
-0.000798 
-0.000791 
-0.000785 
-0.000779 
-0.000773 
-0.000767 
-0.000761 
-0.000755 
-0.000749 
-0.000743 
-0.000738 
-0.000732 
-0.000726 
-0.000720 
-0.000715 
-0.000709 
-0.000704 
-0.000698 
-0.000692 
-0.000687 
-0.000682 
-0.000676 
-0.000671 
-0.000665 
-0.000660 
-0.000655 
-0.000650 
-0.000644 
-0.000639 
-0.000634 
-0.000629 
-0.000624 
-0.000619 
-0.000614 
-0.000609 
-0.000604 
-0.000599 
-0.000594 
-0.000590 
-0.000585 
-0.000580 
-0.000575 
-0.000571 
-0.000566 
-0.000561 
-0.000557 
-0.000552 
-0.000548 
-0.000543 
-0.000539 
-0.000534 
-0.000530 
-0.000526 
-0.000521 
-0.000517 
-0.000513 
-0.000508 
-0.000504 
-0.000500 
-0.000496 
-0.000492 
-0.000488 
-0.000484 
-0.000480 
-0.000476 
-0.000472 
-0.000468 
-0.000464 
-0.000460 
-0.000456 
-0.000452 
-0.000448 
-0.000445 
-0.000441 
-0.000437 
-0.000434 
-0.000430 
-0.000426 
-0.000423 
-0.000419 
-0.000416 
-0.000412 
-0.000408 
-0.000405 
-0.000402 
-0.000398 
-0.000395 
-0.000391 
-0.000388 
-0.000385 
-0.000381 
-0.000378 
-0.000375 
-0.000372 
-0.000368 
-0.000365 
-0.000362 
-0.000359 
-0.000356 
-0.000353 
-0.000350 
-0.000347 
-0.000344 
-0.000341 
-0.000338 
-0.000335 
-0.000332 
-0.000329 
-0.000326 
-0.000323 
-0.000321 
-0.000318 
-0.000315 
-0.000312 
-0.000309 
-0.000307 
-0.000304 
-0.000301 
-0.000299 
-0.000296 
-0.000293 
-0.000291 
-0.000288 
-0.000286 
-0.000283 
-0.000281 
-0.000278 
-0.000276 
-0.000273 
-0.000271 
-0.000268 
-0.000266 
-0.000264 
-0.000261 
-0.000259 
-0.000257 
-0.000254 
-0.000252 
-0.000250 
-0.000248 
-0.000245 
-0.000243 
-0.000241 
-0.000239 
-0.000237 
-0.000235 
-0.000232 
-0.000230 
-0.000228 
-0.000226 
-0.000224 
-0.000222 
-0.000220 
-0.000218 
-0.000216 
-0.000214 
-0.000212 
-0.000210 
-0.000208 
-0.000206 
-0.000205 
-0.000203 
-0.000201 
-0.000199 
-0.000197 
-0.000195 
-0.000194 
-0.000192 
-0.000190 
-0.000188 
-0.000187 
-0.000185 
-0.000183 
-0.000181 
-0.000180 
-0.000178 
-0.000176 
-0.000175 
-0.000173 
-0.000172 
-0.000170 
-0.000168 
-0.000167 
-0.000165 
-0.000164 
-0.000162 
-0.000161 
-0.000159 
-0.000158 
-0.000156 
-0.000155 
-0.000153 
-0.000152 
-0.000150 
-0.000149 
-0.000148 
-0.000146 
-0.000145 
-0.000143 
-0.000142 
-0.000141 
-0.000139 
-0.000138 
-0.000137 
-0.000136 
-0.000134 
-0.000133 
-0.000132 
-0.000130 
-0.000129 
-0.000128 
-0.000127 
-0.000126 
-0.000124 
-0.000123 
-0.000122 
-0.000121 
-0.000120 
-0.000119 
-0.000117 
-0.000116 
-0.000115 
-0.000114 
-0.000113 
-0.000112 
-0.000111 
-0.000110 
-0.000109 
-0.000108 
-0.000107 
-0.000106 
-0.000105 
-0.000104 
-0.000103 
-0.000102 
-0.000101 
-0.000100 
-0.000099 
-0.000098 
-0.000097 
-0.000096 
-0.000095 
-0.000094 
-0.000093 
-0.000092 
-0.000091 
-0.000090 
-0.000089 
-0.000089 
-0.000088 
-0.000087 
-0.000086 
-0.000085 
-0.000084 
-0.000083 
-0.000083 
-0.000082 
-0.000081 
-0.000080 
-0.000079 
-0.000079 
-0.000078 
-0.000077 
-0.000076 
-0.000076 
-0.000075 
-0.000074 
-0.000073 
-0.000073 
-0.000072 
-0.000071 
-0.000071 
-0.000070 
-0.000069 
-0.000068 
-0.000068 
-0.000067 
-0.000066 
-0.000066 
-0.000065 
-0.000064 
-0.000064 
-0.000063 
-0.000063 
-0.000062 
-0.000061 
-0.000061 
-0.000060 
-0.000059 
-0.000059 
-0.000058 
-0.000058 
-0.000057 
-0.000057 
-0.000056 
-0.000055 
-0.000055 
-0.000054 
-0.000054 
-0.000053 
-0.000053 
-0.000052 
-0.000052 
-0.000051 
-0.000051 
-0.000050 
-0.000050 
-0.000049 
-0.000049 
-0.000048 
-0.000048 
-0.000047 
-0.000047 
-0.000046 
-0.000046 
-0.000045 
-0.000045 
-0.000044 
-0.000044 
-0.000043 
-0.000043 
-0.000042 
-0.000042 
-0.000042 
-0.000041 
-0.000041 
-0.000040 
-0.000040 
-0.000039 
-0.000039 
-0.000039 
-0.000038 
-0.000038 
-0.000037 
-0.000037 
-0.000037 
-0.000036 
-0.000036 
-0.000036 
-0.000035 
-0.000035 
-0.000034 
-0.000034 
-0.000034 
-0.000033 
-0.000033 
-0.000033 
-0.000032 
-0.000032 
-0.000032 
-0.000031 
-0.000031 
-0.000031 
-0.000030 
-0.000030 
-0.000030 
-0.000029 
-0.000029 
-0.000029 
-0.000029 
-0.000028 
-0.000028 
-0.000028 
-0.000027 
-0.000027 
-0.000027 
-0.000027 
-0.000026 
-0.000026 
-0.000026 
-0.000025 
-0.000025 
-0.000025 
-0.000025 
-0.000024 
-0.000024 
-0.000024 
-0.000024 
-0.000023 
-0.000023 
-0.000023 
-0.000023 
-0.000022 
-0.000022 
-0.000022 
-0.000022 
-0.000021 
-0.000021 
-0.000021 
-0.000021 
-0.000021 
-0.000020 
-0.000020 
-0.000020 
-0.000020 
-0.000019 
-0.000019 
-0.000019 
-0.000019 
-0.000019 
-0.000018 
-0.000018 
-0.000018 
-0.000018 
-0.000018 
-0.000017 
-0.000017 
-0.000017 
-0.000017 
-0.000017 
-0.000017 
-0.000016 
-0.000016 
-0.000016 
-0.000016 
-0.000016 
-0.000016 
-0.000015 
-0.000015 
-0.000015 
-0.000015 
-0.000015 
-0.000015 
-0.000014 
-0.000014 
-0.000014 
-0.000014 
-0.000014 
-0.000014 
-0.000013 
-0.000013 
-0.000013 
-0.000013 
-0.000013 
-0.000013 
-0.000013 
-0.000012 
-0.000012 
-0.000012 
-0.000012 
-0.000012 
-0.000012 
-0.000012 
-0.000012 
-0.000011 
-0.000011 
-0.000011 
-0.000011 
-0.000011 
-0.000011 
-0.000011 
-0.000011 
-0.000010 
-0.000010 
-0.000010 
-0.000010 
-0.000010 
-0.000010 
-0.000010 
-0.000010 
-0.000010 
-0.000009 
-0.000009 
-0.000009 
-0.000009 
-0.000009 
-0.000009 
-0.000009 
-0.000009 
-0.000009 
-0.000009 
-0.000008 
-0.000008 
-0.000008 
-0.000008 
-0.000008 
-0.000008 
-0.000008 
-0.000008 
-0.000008 
-0.000008 
-0.000008 
-0.000007 
-0.000007 
-0.000007 
-0.000007 
-0.000007 
-0.000007 
-0.000007 
-0.000007 
-0.000007 
-0.000007 
-0.000007 
-0.000007 
-0.000007 
-0.000006 
-0.000006 
-0.000006 
-0.000006 
-0.000006 
-0.000006 
-0.000006 
-0.000006 
-0.000006 
-0.000006 
-0.000006 
-0.000006 
-0.000006 
-0.000006 
-0.000006 
-0.000005 
-0.000005 
-0.000005 
-0.000005 
-0.000005 
-0.000005 
-0.000005 
-0.000005 
-0.000005 
-0.000005 
-0.000005 
-0.000005 
-0.000005 
