Kernel: Darwin, Number of Threads = 1
C = (Intercept)
C = LWIDraw
C = Age
C = Task_2
C = Condition_2
C = Condition_3
C = Task_2:Condition_2
C = Task_2:Condition_3
1.000000 63.000000 7.936986 0.000000 0.000000 0.000000 0.000000 0.000000 
1.000000 63.000000 7.936986 0.000000 1.000000 0.000000 0.000000 0.000000 
1.000000 63.000000 7.936986 0.000000 0.000000 1.000000 0.000000 0.000000 

1.000000 63.000000 7.936986 1.000000 0.000000 0.000000 0.000000 0.000000 
1.000000 63.000000 7.936986 1.000000 1.000000 0.000000 1.000000 0.000000 
1.000000 63.000000 7.936986 1.000000 0.000000 1.000000 0.000000 1.000000 

1.000000 13.000000 5.101370 0.000000 0.000000 0.000000 0.000000 0.000000 
1.000000 13.000000 5.101370 0.000000 1.000000 0.000000 0.000000 0.000000 
1.000000 13.000000 5.101370 0.000000 0.000000 1.000000 0.000000 0.000000 

1.000000 13.000000 5.101370 1.000000 0.000000 0.000000 0.000000 0.000000 
1.000000 13.000000 5.101370 1.000000 1.000000 0.000000 1.000000 0.000000 
1.000000 13.000000 5.101370 1.000000 0.000000 1.000000 0.000000 1.000000 

1.000000 72.000000 10.742466 0.000000 0.000000 0.000000 0.000000 0.000000 
1.000000 72.000000 10.742466 0.000000 1.000000 0.000000 0.000000 0.000000 
1.000000 72.000000 10.742466 0.000000 0.000000 1.000000 0.000000 0.000000 

1.000000 72.000000 10.742466 1.000000 0.000000 0.000000 0.000000 0.000000 
1.000000 72.000000 10.742466 1.000000 1.000000 0.000000 1.000000 0.000000 
1.000000 72.000000 10.742466 1.000000 0.000000 1.000000 0.000000 1.000000 

1.000000 63.000000 8.958904 0.000000 0.000000 0.000000 0.000000 0.000000 
1.000000 63.000000 8.958904 0.000000 1.000000 0.000000 0.000000 0.000000 
1.000000 63.000000 8.958904 0.000000 0.000000 1.000000 0.000000 0.000000 

1.000000 63.000000 8.958904 1.000000 0.000000 0.000000 0.000000 0.000000 
1.000000 63.000000 8.958904 1.000000 1.000000 0.000000 1.000000 0.000000 
1.000000 63.000000 8.958904 1.000000 0.000000 1.000000 0.000000 1.000000 

1.000000 67.000000 9.942466 0.000000 0.000000 0.000000 0.000000 0.000000 
1.000000 67.000000 9.942466 0.000000 1.000000 0.000000 0.000000 0.000000 
1.000000 67.000000 9.942466 0.000000 0.000000 1.000000 0.000000 0.000000 

1.000000 67.000000 9.942466 1.000000 0.000000 0.000000 0.000000 0.000000 
1.000000 67.000000 9.942466 1.000000 1.000000 0.000000 1.000000 0.000000 
1.000000 67.000000 9.942466 1.000000 0.000000 1.000000 0.000000 1.000000 

Reps SUB 0 = 1
freq SUB 0 = 50.000000
Reps SUB 1 = 1
freq SUB 1 = 50.000000
Reps SUB 2 = 1
freq SUB 2 = 50.000000
Reps SUB 3 = 1
freq SUB 3 = 50.000000
Reps SUB 4 = 1
freq SUB 4 = 50.000000
Reps SUB 5 = 1
freq SUB 5 = 50.000000
Reps SUB 6 = 1
freq SUB 6 = 50.000000
Reps SUB 7 = 1
freq SUB 7 = 50.000000
Reps SUB 8 = 1
freq SUB 8 = 50.000000
Reps SUB 9 = 1
freq SUB 9 = 50.000000
pop.sub[0].rep[0].dataname = 3081_Chinese_Task1_hbo.txt
pop.sub[1].rep[0].dataname = 3081_Chinese_Task2_hbo.txt
pop.sub[2].rep[0].dataname = 3082_Chinese_Task1_hbo.txt
pop.sub[3].rep[0].dataname = 3082_Chinese_Task2_hbo.txt
pop.sub[4].rep[0].dataname = 3083_Chinese_Task1_hbo.txt
pop.sub[5].rep[0].dataname = 3083_Chinese_Task2_hbo.txt
pop.sub[6].rep[0].dataname = 3084_Chinese_Task1_hbo.txt
pop.sub[7].rep[0].dataname = 3084_Chinese_Task2_hbo.txt
pop.sub[8].rep[0].dataname = 3085_Chinese_Task1_hbo.txt
pop.sub[9].rep[0].dataname = 3085_Chinese_Task2_hbo.txt
pop.sub[0].rep[0].designname = 3081_Chinese_Task1_stim.txt
pop.sub[1].rep[0].designname = 3081_Chinese_Task2_stim.txt
pop.sub[2].rep[0].designname = 3082_Chinese_Task1_stim.txt
pop.sub[3].rep[0].designname = 3082_Chinese_Task2_stim.txt
pop.sub[4].rep[0].designname = 3083_Chinese_Task1_stim.txt
pop.sub[5].rep[0].designname = 3083_Chinese_Task2_stim.txt
pop.sub[6].rep[0].designname = 3084_Chinese_Task1_stim.txt
pop.sub[7].rep[0].designname = 3084_Chinese_Task2_stim.txt
pop.sub[8].rep[0].designname = 3085_Chinese_Task1_stim.txt
pop.sub[9].rep[0].designname = 3085_Chinese_Task2_stim.txt
non_parm = 0
Nb = 1
3081_Chinese_Task1_hbo.txt
4.02685e-08 2.82925e-06 
3081_Chinese_Task2_hbo.txt
7.05314e-08 3.06684e-06 
3082_Chinese_Task1_hbo.txt
-2.44098e-07 4.58052e-06 
3082_Chinese_Task2_hbo.txt
-9.5759e-07 1.75789e-05 
3083_Chinese_Task1_hbo.txt
3.42984e-08 2.73988e-06 
3083_Chinese_Task2_hbo.txt
7.00957e-08 3.15715e-06 
3084_Chinese_Task1_hbo.txt
1.11857e-08 2.27734e-06 
3084_Chinese_Task2_hbo.txt
1.94647e-08 3.0122e-06 
3085_Chinese_Task1_hbo.txt
1.70022e-08 1.55461e-06 
3085_Chinese_Task2_hbo.txt
3.6165e-08 2.2373e-06 
3081_Chinese_Task1_hbo.txt
3081_Chinese_Task1_stim.txt
max = 16.320784
Time = 446.900000 freq = 50.000000
int_knots = 17 nknots = 23
dim = 4470 19
19 19 17
NKNOTS = 23, dim_V[1] = 19
-0.000001 -0.000001 -0.000001 0.000000 279.312500 558.625000 837.937500 1117.250000 1396.562500 1675.875000 1955.187500 2234.500000 2513.812500 2793.125000 3072.437500 3351.750000 3631.062500 3910.375000 4189.687500 4469.000000 4469.000001 4469.000001 4469.000001 
3081_Chinese_Task2_hbo.txt
3081_Chinese_Task2_stim.txt
max = 16.320724
Time = 413.900000 freq = 50.000000
int_knots = 17 nknots = 23
dim = 4140 19
19 19 17
NKNOTS = 23, dim_V[1] = 19
-0.000001 -0.000001 -0.000001 0.000000 258.687500 517.375000 776.062500 1034.750000 1293.437500 1552.125000 1810.812500 2069.500000 2328.187500 2586.875000 2845.562500 3104.250000 3362.937500 3621.625000 3880.312500 4139.000000 4139.000001 4139.000001 4139.000001 
3082_Chinese_Task1_hbo.txt
3082_Chinese_Task1_stim.txt
max = 16.319060
Time = 448.900000 freq = 50.000000
int_knots = 17 nknots = 23
dim = 4490 19
19 19 17
NKNOTS = 23, dim_V[1] = 19
-0.000001 -0.000001 -0.000001 0.000000 280.562500 561.125000 841.687500 1122.250000 1402.812500 1683.375000 1963.937500 2244.500000 2525.062500 2805.625000 3086.187500 3366.750000 3647.312500 3927.875000 4208.437500 4489.000000 4489.000001 4489.000001 4489.000001 
3082_Chinese_Task2_hbo.txt
3082_Chinese_Task2_stim.txt
max = 16.320724
Time = 414.900000 freq = 50.000000
int_knots = 17 nknots = 23
dim = 4150 19
19 19 17
NKNOTS = 23, dim_V[1] = 19
-0.000001 -0.000001 -0.000001 0.000000 259.312500 518.625000 777.937500 1037.250000 1296.562500 1555.875000 1815.187500 2074.500000 2333.812500 2593.125000 2852.437500 3111.750000 3371.062500 3630.375000 3889.687500 4149.000000 4149.000001 4149.000001 4149.000001 
3083_Chinese_Task1_hbo.txt
3083_Chinese_Task1_stim.txt
max = 16.317330
Time = 448.900000 freq = 50.000000
int_knots = 17 nknots = 23
dim = 4490 19
19 19 17
NKNOTS = 23, dim_V[1] = 19
-0.000001 -0.000001 -0.000001 0.000000 280.562500 561.125000 841.687500 1122.250000 1402.812500 1683.375000 1963.937500 2244.500000 2525.062500 2805.625000 3086.187500 3366.750000 3647.312500 3927.875000 4208.437500 4489.000000 4489.000001 4489.000001 4489.000001 
3083_Chinese_Task2_hbo.txt
3083_Chinese_Task2_stim.txt
max = 16.319759
Time = 417.900000 freq = 50.000000
int_knots = 17 nknots = 23
dim = 4180 19
19 19 17
NKNOTS = 23, dim_V[1] = 19
-0.000001 -0.000001 -0.000001 0.000000 261.187500 522.375000 783.562500 1044.750000 1305.937500 1567.125000 1828.312500 2089.500000 2350.687500 2611.875000 2873.062500 3134.250000 3395.437500 3656.625000 3917.812500 4179.000000 4179.000001 4179.000001 4179.000001 
3084_Chinese_Task1_hbo.txt
3084_Chinese_Task1_stim.txt
max = 16.319759
Time = 446.900000 freq = 50.000000
int_knots = 17 nknots = 23
dim = 4470 19
19 19 17
NKNOTS = 23, dim_V[1] = 19
-0.000001 -0.000001 -0.000001 0.000000 279.312500 558.625000 837.937500 1117.250000 1396.562500 1675.875000 1955.187500 2234.500000 2513.812500 2793.125000 3072.437500 3351.750000 3631.062500 3910.375000 4189.687500 4469.000000 4469.000001 4469.000001 4469.000001 
3084_Chinese_Task2_hbo.txt
3084_Chinese_Task2_stim.txt
max = 16.319759
Time = 410.900000 freq = 50.000000
int_knots = 17 nknots = 23
dim = 4110 19
19 19 17
NKNOTS = 23, dim_V[1] = 19
-0.000001 -0.000001 -0.000001 0.000000 256.812500 513.625000 770.437500 1027.250000 1284.062500 1540.875000 1797.687500 2054.500000 2311.312500 2568.125000 2824.937500 3081.750000 3338.562500 3595.375000 3852.187500 4109.000000 4109.000001 4109.000001 4109.000001 
3085_Chinese_Task1_hbo.txt
3085_Chinese_Task1_stim.txt
max = 16.319944
Time = 446.900000 freq = 50.000000
int_knots = 17 nknots = 23
dim = 4470 19
19 19 17
NKNOTS = 23, dim_V[1] = 19
-0.000001 -0.000001 -0.000001 0.000000 279.312500 558.625000 837.937500 1117.250000 1396.562500 1675.875000 1955.187500 2234.500000 2513.812500 2793.125000 3072.437500 3351.750000 3631.062500 3910.375000 4189.687500 4469.000000 4469.000001 4469.000001 4469.000001 
3085_Chinese_Task2_hbo.txt
3085_Chinese_Task2_stim.txt
max = 16.320724
Time = 411.900000 freq = 50.000000
int_knots = 17 nknots = 23
dim = 4120 19
19 19 17
NKNOTS = 23, dim_V[1] = 19
-0.000001 -0.000001 -0.000001 0.000000 257.437500 514.875000 772.312500 1029.750000 1287.187500 1544.625000 1802.062500 2059.500000 2316.937500 2574.375000 2831.812500 3089.250000 3346.687500 3604.125000 3861.562500 4119.000000 4119.000001 4119.000001 4119.000001 
ENTERING MCMC
iter =      0	 Sub 0, Rep 0 	 int knots = 29	 precY0 =   0.084701 	 preceta =   8.566294
	 df_delta1 =   0.999950 	 df_delta2 =   0.999500 	 P =   5
	 cnt = 0, pi = 0.950000
iter =      0	 Sub 1, Rep 0 	 int knots = 40	 precY0 =   0.097858 	 preceta =   3.803540
	 df_delta1 =   0.999950 	 df_delta2 =   0.999500 	 P =   6
	 cnt = 0, pi = 0.950000
iter =      0	 Sub 2, Rep 0 	 int knots = 18	 precY0 =   0.033235 	 preceta =   6.706734
	 df_delta1 =   0.999950 	 df_delta2 =   0.999500 	 P =   5
	 cnt = 0, pi = 0.950000
iter =      0	 Sub 3, Rep 0 	 int knots = 18	 precY0 =   0.023259 	 preceta =   6.877208
	 df_delta1 =   0.999950 	 df_delta2 =   0.999500 	 P =   5
	 cnt = 0, pi = 0.950000
iter =      0	 Sub 4, Rep 0 	 int knots = 15	 precY0 =   0.063433 	 preceta =   0.030249
	 df_delta1 =   0.999950 	 df_delta2 =   0.999500 	 P =   5
	 cnt = 0, pi = 0.950000
iter =      0	 Sub 5, Rep 0 	 int knots = 37	 precY0 =   0.061028 	 preceta =   0.023691
	 df_delta1 =   0.999950 	 df_delta2 =   0.999500 	 P =  11
	 cnt = 0, pi = 0.950000
iter =      0	 Sub 6, Rep 0 	 int knots = 46	 precY0 =   0.081811 	 preceta =   0.022952
	 df_delta1 =   0.999950 	 df_delta2 =   0.999500 	 P =   8
	 cnt = 0, pi = 0.950000
iter =      0	 Sub 7, Rep 0 	 int knots = 44	 precY0 =   0.071358 	 preceta =   0.018859
	 df_delta1 =   0.999950 	 df_delta2 =   0.999500 	 P =   5
	 cnt = 0, pi = 0.950000
iter =      0	 Sub 8, Rep 0 	 int knots = 28	 precY0 =   0.106913 	 preceta =   0.045607
	 df_delta1 =   0.999950 	 df_delta2 =   0.999500 	 P =   5
	 cnt = 0, pi = 0.950000
iter =      0	 Sub 9, Rep 0 	 int knots = 37	 precY0 =   0.121059 	 preceta =   0.026987
	 df_delta1 =   0.999950 	 df_delta2 =   0.999500 	 P =   6
	 cnt = 0, pi = 0.950000
Condition 0
	 0.1 	 2.84059

	sub 0:	  -0.869823 
	sub 1:	  -4.048686 
	sub 2:	   6.935991 
	sub 3:	   0.425082 
	sub 4:	  -0.529238 
	sub 5:	  -2.936255 
	sub 6:	   3.542662 
	sub 7:	   1.443023 
	sub 8:	   1.723567 
	sub 9:	  -2.102088 

Condition 1
	 0.1 	 2.20116

	sub 0:	   4.387894 
	sub 1:	  -3.133191 
	sub 2:	   4.728014 
	sub 3:	  -3.345258 
	sub 4:	   0.949965 
	sub 5:	  -0.125654 
	sub 6:	   1.735296 
	sub 7:	   1.755520 
	sub 8:	   2.219333 
	sub 9:	  -0.266184 

Condition 2
	 0.1 	 4.30084

	sub 0:	  -3.258641 
	sub 1:	   2.784511 
	sub 2:	   5.693447 
	sub 3:	  -9.953671 
	sub 4:	  -1.202756 
	sub 5:	  -1.827155 
	sub 6:	   0.529796 
	sub 7:	   1.923371 
	sub 8:	   2.331657 
	sub 9:	   1.535519 

Pop Parms:
                   (Intercept) =   5.665413
                       LWIDraw =   0.019346
                           Age =  -0.435060
                        Task_2 =  -5.542286
                   Condition_2 =   0.479543
                   Condition_3 =  -1.134874
            Task_2:Condition_2 =   2.664942
            Task_2:Condition_3 =   0.269826


EXITING MCMC
