Pop Level Parameters: 
	                   (Intercept) mean = 4.078	sd = 0.521
	                               95% Cred.Int. = (3.582, 5.096)*

	                       LWIDraw mean = -0.163	sd = 0.032
	                               95% Cred.Int. = (-0.196, -0.111)*

	                           Age mean = 0.679	sd = 0.225
	                               95% Cred.Int. = (0.331, 0.949)*

	                        Task_2 mean = -1.521	sd = 0.638
	                               95% Cred.Int. = (-2.570, -0.604)*

	                   Condition_2 mean = 0.813	sd = 0.566
	                               95% Cred.Int. = (-0.202, 1.521)*

	                   Condition_3 mean = -0.092	sd = 0.714
	                               95% Cred.Int. = (-1.414, 0.678)*

	            Task_2:Condition_2 mean = 0.416	sd = 0.689
	                               95% Cred.Int. = (-0.606, 1.561)*

	            Task_2:Condition_3 mean = 1.160	sd = 0.804
	                               95% Cred.Int. = (-0.411, 2.197)*




Parameter Summary for Subjects


	3081_Chinese_Task1_hbo

		Cond = 0


			HRF

				mean = -1.242	sd = 0.695
				95% Cred.Int. = (-1.932, -0.141)*

		Cond = 1


			HRF

				mean = 0.690	sd = 0.883
				95% Cred.Int. = (-0.522, 1.888)*

		Cond = 2


			HRF

				mean = -1.077	sd = 0.882
				95% Cred.Int. = (-2.275, 0.120)*


	3081_Chinese_Task2_hbo

		Cond = 0


			HRF

				mean = -2.970	sd = 1.025
				95% Cred.Int. = (-4.924, -1.836)*

		Cond = 1


			HRF

				mean = -1.162	sd = 0.974
				95% Cred.Int. = (-2.593, 0.302)*

		Cond = 2


			HRF

				mean = -0.658	sd = 0.952
				95% Cred.Int. = (-2.313, 0.446)*


	3082_Chinese_Task1_hbo

		Cond = 0


			HRF

				mean = 6.009	sd = 1.089
				95% Cred.Int. = (4.500, 7.862)*

		Cond = 1


			HRF

				mean = 6.156	sd = 0.980
				95% Cred.Int. = (5.042, 7.784)*

		Cond = 2


			HRF

				mean = 5.253	sd = 1.170
				95% Cred.Int. = (2.924, 6.521)*


	3082_Chinese_Task2_hbo

		Cond = 0


			HRF

				mean = 3.921	sd = 0.739
				95% Cred.Int. = (2.775, 4.747)*

		Cond = 1


			HRF

				mean = 4.902	sd = 0.777
				95% Cred.Int. = (3.489, 5.905)*

		Cond = 2


			HRF

				mean = 4.354	sd = 1.135
				95% Cred.Int. = (3.098, 6.082)*


	3083_Chinese_Task1_hbo

		Cond = 0


			HRF

				mean = -0.226	sd = 0.837
				95% Cred.Int. = (-1.205, 1.375)*

		Cond = 1


			HRF

				mean = 0.315	sd = 0.589
				95% Cred.Int. = (-0.506, 1.237)*

		Cond = 2


			HRF

				mean = -0.702	sd = 1.164
				95% Cred.Int. = (-2.328, 0.667)*


	3083_Chinese_Task2_hbo

		Cond = 0


			HRF

				mean = -1.919	sd = 0.887
				95% Cred.Int. = (-3.433, -0.871)*

		Cond = 1


			HRF

				mean = -1.030	sd = 0.958
				95% Cred.Int. = (-2.662, 0.125)*

		Cond = 2


			HRF

				mean = -1.234	sd = 0.895
				95% Cred.Int. = (-2.581, 0.205)*


	3084_Chinese_Task1_hbo

		Cond = 0


			HRF

				mean = -0.114	sd = 0.554
				95% Cred.Int. = (-0.768, 0.845)*

		Cond = 1


			HRF

				mean = 0.201	sd = 0.934
				95% Cred.Int. = (-1.674, 1.151)*

		Cond = 2


			HRF

				mean = -0.526	sd = 0.793
				95% Cred.Int. = (-1.591, 0.576)*


	3084_Chinese_Task2_hbo

		Cond = 0


			HRF

				mean = -1.612	sd = 0.777
				95% Cred.Int. = (-2.652, -0.323)*

		Cond = 1


			HRF

				mean = -0.131	sd = 1.245
				95% Cred.Int. = (-2.149, 1.567)*

		Cond = 2


			HRF

				mean = -0.837	sd = 1.255
				95% Cred.Int. = (-2.645, 0.823)*


	3085_Chinese_Task1_hbo

		Cond = 0


			HRF

				mean = 0.390	sd = 0.589
				95% Cred.Int. = (-0.248, 1.353)*

		Cond = 1


			HRF

				mean = 0.810	sd = 0.400
				95% Cred.Int. = (0.272, 1.467)*

		Cond = 2


			HRF

				mean = 0.087	sd = 0.940
				95% Cred.Int. = (-1.486, 1.097)*


	3085_Chinese_Task2_hbo

		Cond = 0


			HRF

				mean = -1.393	sd = 0.894
				95% Cred.Int. = (-3.005, -0.250)*

		Cond = 1


			HRF

				mean = -0.094	sd = 0.741
				95% Cred.Int. = (-1.176, 1.005)*

		Cond = 2


			HRF

				mean = -0.309	sd = 0.740
				95% Cred.Int. = (-1.722, 0.417)*


95% Cred.Int. based on the 0.025 and 0.975 quantiles.
Quantiles estimated using the default method in R version 3.4.3.
